Performing C++ SOURCE FILE Test UINT64_T_IS_EXACTLY_UNSIGNED_LONG_LONG failed with the following output:
Change Dir: '/home/pperrier/Documents/block_wiedemann/cado-nfs/build/stagiaire-perrier/CMakeFiles/CMakeTmp'

Run Build Command(s): /usr/bin/cmake -E env VERBOSE=1 make -f Makefile cmTC_6c8bf/fast
make[1]: Entering directory '/home/pperrier/Documents/block_wiedemann/cado-nfs/build/stagiaire-perrier/CMakeFiles/CMakeTmp'
make  -f CMakeFiles/cmTC_6c8bf.dir/build.make CMakeFiles/cmTC_6c8bf.dir/build
make[2]: Entering directory '/home/pperrier/Documents/block_wiedemann/cado-nfs/build/stagiaire-perrier/CMakeFiles/CMakeTmp'
Building CXX object CMakeFiles/cmTC_6c8bf.dir/src.cxx.o
/usr/bin/c++   -export-dynamic -std=c++11 -Wno-c++11-compat -W -Wall -O2  -Wno-literal-suffix -DUINT64_T_IS_EXACTLY_UNSIGNED_LONG_LONG -o CMakeFiles/cmTC_6c8bf.dir/src.cxx.o -c /home/pperrier/Documents/block_wiedemann/cado-nfs/build/stagiaire-perrier/CMakeFiles/CMakeTmp/src.cxx
/home/pperrier/Documents/block_wiedemann/cado-nfs/build/stagiaire-perrier/CMakeFiles/CMakeTmp/src.cxx: In function ‘int main()’:
/home/pperrier/Documents/block_wiedemann/cado-nfs/build/stagiaire-perrier/CMakeFiles/CMakeTmp/src.cxx:8:63: error: static assertion failed: not this type
    8 |     static_assert(std::is_same<uint64_t, unsigned long long>::value, "not this type");
      |                   ~~~~~~~~~~~~~~~~~~~~~~~~~~~~~~~~~~~~~~~~~~~~^~~~~
make[2]: *** [CMakeFiles/cmTC_6c8bf.dir/build.make:78: CMakeFiles/cmTC_6c8bf.dir/src.cxx.o] Error 1
make[2]: Leaving directory '/home/pperrier/Documents/block_wiedemann/cado-nfs/build/stagiaire-perrier/CMakeFiles/CMakeTmp'
make[1]: *** [Makefile:127: cmTC_6c8bf/fast] Error 2
make[1]: Leaving directory '/home/pperrier/Documents/block_wiedemann/cado-nfs/build/stagiaire-perrier/CMakeFiles/CMakeTmp'


Source file was:

#include <type_traits>
#include <stdint.h>
#include <stdio.h>
#include <gmp.h>
int main()
{
    static_assert(std::is_same<uint64_t, unsigned long long>::value, "not this type");
    return 0;
}

Performing C++ SOURCE FILE Test UNSIGNED_LONG_LONG_IS_EXACTLY_UNSIGNED_LONG failed with the following output:
Change Dir: '/home/pperrier/Documents/block_wiedemann/cado-nfs/build/stagiaire-perrier/CMakeFiles/CMakeTmp'

Run Build Command(s): /usr/bin/cmake -E env VERBOSE=1 make -f Makefile cmTC_8f4f4/fast
make[1]: Entering directory '/home/pperrier/Documents/block_wiedemann/cado-nfs/build/stagiaire-perrier/CMakeFiles/CMakeTmp'
make  -f CMakeFiles/cmTC_8f4f4.dir/build.make CMakeFiles/cmTC_8f4f4.dir/build
make[2]: Entering directory '/home/pperrier/Documents/block_wiedemann/cado-nfs/build/stagiaire-perrier/CMakeFiles/CMakeTmp'
Building CXX object CMakeFiles/cmTC_8f4f4.dir/src.cxx.o
/usr/bin/c++   -export-dynamic -std=c++11 -Wno-c++11-compat -W -Wall -O2  -Wno-literal-suffix -DUNSIGNED_LONG_LONG_IS_EXACTLY_UNSIGNED_LONG -o CMakeFiles/cmTC_8f4f4.dir/src.cxx.o -c /home/pperrier/Documents/block_wiedemann/cado-nfs/build/stagiaire-perrier/CMakeFiles/CMakeTmp/src.cxx
/home/pperrier/Documents/block_wiedemann/cado-nfs/build/stagiaire-perrier/CMakeFiles/CMakeTmp/src.cxx: In function ‘int main()’:
/home/pperrier/Documents/block_wiedemann/cado-nfs/build/stagiaire-perrier/CMakeFiles/CMakeTmp/src.cxx:8:68: error: static assertion failed: not this type
    8 |     static_assert(std::is_same<unsigned long long, unsigned long>::value, "not this type");
      |                   ~~~~~~~~~~~~~~~~~~~~~~~~~~~~~~~~~~~~~~~~~~~~~~~~~^~~~~
make[2]: *** [CMakeFiles/cmTC_8f4f4.dir/build.make:78: CMakeFiles/cmTC_8f4f4.dir/src.cxx.o] Error 1
make[2]: Leaving directory '/home/pperrier/Documents/block_wiedemann/cado-nfs/build/stagiaire-perrier/CMakeFiles/CMakeTmp'
make[1]: *** [Makefile:127: cmTC_8f4f4/fast] Error 2
make[1]: Leaving directory '/home/pperrier/Documents/block_wiedemann/cado-nfs/build/stagiaire-perrier/CMakeFiles/CMakeTmp'


Source file was:

#include <type_traits>
#include <stdint.h>
#include <stdio.h>
#include <gmp.h>
int main()
{
    static_assert(std::is_same<unsigned long long, unsigned long>::value, "not this type");
    return 0;
}

Performing C++ SOURCE FILE Test UNSIGNED_LONG_IS_EXACTLY_UNSIGNED failed with the following output:
Change Dir: '/home/pperrier/Documents/block_wiedemann/cado-nfs/build/stagiaire-perrier/CMakeFiles/CMakeTmp'

Run Build Command(s): /usr/bin/cmake -E env VERBOSE=1 make -f Makefile cmTC_4c7d6/fast
make[1]: Entering directory '/home/pperrier/Documents/block_wiedemann/cado-nfs/build/stagiaire-perrier/CMakeFiles/CMakeTmp'
make  -f CMakeFiles/cmTC_4c7d6.dir/build.make CMakeFiles/cmTC_4c7d6.dir/build
make[2]: Entering directory '/home/pperrier/Documents/block_wiedemann/cado-nfs/build/stagiaire-perrier/CMakeFiles/CMakeTmp'
Building CXX object CMakeFiles/cmTC_4c7d6.dir/src.cxx.o
/usr/bin/c++   -export-dynamic -std=c++11 -Wno-c++11-compat -W -Wall -O2  -Wno-literal-suffix -DUNSIGNED_LONG_IS_EXACTLY_UNSIGNED -o CMakeFiles/cmTC_4c7d6.dir/src.cxx.o -c /home/pperrier/Documents/block_wiedemann/cado-nfs/build/stagiaire-perrier/CMakeFiles/CMakeTmp/src.cxx
/home/pperrier/Documents/block_wiedemann/cado-nfs/build/stagiaire-perrier/CMakeFiles/CMakeTmp/src.cxx: In function ‘int main()’:
/home/pperrier/Documents/block_wiedemann/cado-nfs/build/stagiaire-perrier/CMakeFiles/CMakeTmp/src.cxx:8:62: error: static assertion failed: not this type
    8 |     static_assert(std::is_same<unsigned long, unsigned int>::value, "not this type");
      |                   ~~~~~~~~~~~~~~~~~~~~~~~~~~~~~~~~~~~~~~~~~~~^~~~~
make[2]: *** [CMakeFiles/cmTC_4c7d6.dir/build.make:78: CMakeFiles/cmTC_4c7d6.dir/src.cxx.o] Error 1
make[2]: Leaving directory '/home/pperrier/Documents/block_wiedemann/cado-nfs/build/stagiaire-perrier/CMakeFiles/CMakeTmp'
make[1]: *** [Makefile:127: cmTC_4c7d6/fast] Error 2
make[1]: Leaving directory '/home/pperrier/Documents/block_wiedemann/cado-nfs/build/stagiaire-perrier/CMakeFiles/CMakeTmp'


Source file was:

#include <type_traits>
#include <stdint.h>
#include <stdio.h>
#include <gmp.h>
int main()
{
    static_assert(std::is_same<unsigned long, unsigned int>::value, "not this type");
    return 0;
}

Performing C++ SOURCE FILE Test UNSIGNED_LONG_IS_COMPATIBLE_WITH_UNSIGNED failed with the following output:
Change Dir: '/home/pperrier/Documents/block_wiedemann/cado-nfs/build/stagiaire-perrier/CMakeFiles/CMakeTmp'

Run Build Command(s): /usr/bin/cmake -E env VERBOSE=1 make -f Makefile cmTC_438e9/fast
make[1]: Entering directory '/home/pperrier/Documents/block_wiedemann/cado-nfs/build/stagiaire-perrier/CMakeFiles/CMakeTmp'
make  -f CMakeFiles/cmTC_438e9.dir/build.make CMakeFiles/cmTC_438e9.dir/build
make[2]: Entering directory '/home/pperrier/Documents/block_wiedemann/cado-nfs/build/stagiaire-perrier/CMakeFiles/CMakeTmp'
Building CXX object CMakeFiles/cmTC_438e9.dir/src.cxx.o
/usr/bin/c++   -export-dynamic -std=c++11 -Wno-c++11-compat -W -Wall -O2  -Wno-literal-suffix -DUNSIGNED_LONG_IS_COMPATIBLE_WITH_UNSIGNED -o CMakeFiles/cmTC_438e9.dir/src.cxx.o -c /home/pperrier/Documents/block_wiedemann/cado-nfs/build/stagiaire-perrier/CMakeFiles/CMakeTmp/src.cxx
/home/pperrier/Documents/block_wiedemann/cado-nfs/build/stagiaire-perrier/CMakeFiles/CMakeTmp/src.cxx: In function ‘int main()’:
/home/pperrier/Documents/block_wiedemann/cado-nfs/build/stagiaire-perrier/CMakeFiles/CMakeTmp/src.cxx:8:68: error: static assertion failed: not this type
    8 |     static_assert(std::is_same<unsigned long, unsigned int>::value ||
      |                   ~~~~~~~~~~~~~~~~~~~~~~~~~~~~~~~~~~~~~~~~~~~~~~~~~^~
    9 |         (sizeof(unsigned long) == sizeof(unsigned int)
      |         ~~~~~~~~~~~~~~~~~~~~~~~~~~~~~~~~~~~~~~~~~~~~~~              
   10 |         && std::is_signed<unsigned long>::value == std::is_signed<unsigned int>::value)
      |         ~~~~~~~~~~~~~~~~~~~~~~~~~~~~~~~~~~~~~~~~~~~~~~~~~~~~~~~~~~~~~~~~~~~~~~~~~~~~~~~
make[2]: *** [CMakeFiles/cmTC_438e9.dir/build.make:78: CMakeFiles/cmTC_438e9.dir/src.cxx.o] Error 1
make[2]: Leaving directory '/home/pperrier/Documents/block_wiedemann/cado-nfs/build/stagiaire-perrier/CMakeFiles/CMakeTmp'
make[1]: *** [Makefile:127: cmTC_438e9/fast] Error 2
make[1]: Leaving directory '/home/pperrier/Documents/block_wiedemann/cado-nfs/build/stagiaire-perrier/CMakeFiles/CMakeTmp'


Source file was:

#include <type_traits>
#include <stdint.h>
#include <stdio.h>
#include <gmp.h>
int main()
{
    static_assert(std::is_same<unsigned long, unsigned int>::value ||
        (sizeof(unsigned long) == sizeof(unsigned int)
        && std::is_signed<unsigned long>::value == std::is_signed<unsigned int>::value)
        , "not this type");
    return 0;
}

Performing C++ SOURCE FILE Test SIZE_T_IS_EXACTLY_UNSIGNED_LONG_LONG failed with the following output:
Change Dir: '/home/pperrier/Documents/block_wiedemann/cado-nfs/build/stagiaire-perrier/CMakeFiles/CMakeTmp'

Run Build Command(s): /usr/bin/cmake -E env VERBOSE=1 make -f Makefile cmTC_1b3c1/fast
make[1]: Entering directory '/home/pperrier/Documents/block_wiedemann/cado-nfs/build/stagiaire-perrier/CMakeFiles/CMakeTmp'
make  -f CMakeFiles/cmTC_1b3c1.dir/build.make CMakeFiles/cmTC_1b3c1.dir/build
make[2]: Entering directory '/home/pperrier/Documents/block_wiedemann/cado-nfs/build/stagiaire-perrier/CMakeFiles/CMakeTmp'
Building CXX object CMakeFiles/cmTC_1b3c1.dir/src.cxx.o
/usr/bin/c++   -export-dynamic -std=c++11 -Wno-c++11-compat -W -Wall -O2  -Wno-literal-suffix -DSIZE_T_IS_EXACTLY_UNSIGNED_LONG_LONG -o CMakeFiles/cmTC_1b3c1.dir/src.cxx.o -c /home/pperrier/Documents/block_wiedemann/cado-nfs/build/stagiaire-perrier/CMakeFiles/CMakeTmp/src.cxx
/home/pperrier/Documents/block_wiedemann/cado-nfs/build/stagiaire-perrier/CMakeFiles/CMakeTmp/src.cxx: In function ‘int main()’:
/home/pperrier/Documents/block_wiedemann/cado-nfs/build/stagiaire-perrier/CMakeFiles/CMakeTmp/src.cxx:8:61: error: static assertion failed: not this type
    8 |     static_assert(std::is_same<size_t, unsigned long long>::value, "not this type");
      |                   ~~~~~~~~~~~~~~~~~~~~~~~~~~~~~~~~~~~~~~~~~~^~~~~
make[2]: *** [CMakeFiles/cmTC_1b3c1.dir/build.make:78: CMakeFiles/cmTC_1b3c1.dir/src.cxx.o] Error 1
make[2]: Leaving directory '/home/pperrier/Documents/block_wiedemann/cado-nfs/build/stagiaire-perrier/CMakeFiles/CMakeTmp'
make[1]: *** [Makefile:127: cmTC_1b3c1/fast] Error 2
make[1]: Leaving directory '/home/pperrier/Documents/block_wiedemann/cado-nfs/build/stagiaire-perrier/CMakeFiles/CMakeTmp'


Source file was:

#include <type_traits>
#include <stdint.h>
#include <stdio.h>
#include <gmp.h>
int main()
{
    static_assert(std::is_same<size_t, unsigned long long>::value, "not this type");
    return 0;
}

Performing C++ SOURCE FILE Test MP_LIMB_T_IS_EXACTLY_UNSIGNED_LONG_LONG failed with the following output:
Change Dir: '/home/pperrier/Documents/block_wiedemann/cado-nfs/build/stagiaire-perrier/CMakeFiles/CMakeTmp'

Run Build Command(s): /usr/bin/cmake -E env VERBOSE=1 make -f Makefile cmTC_c7eaf/fast
make[1]: Entering directory '/home/pperrier/Documents/block_wiedemann/cado-nfs/build/stagiaire-perrier/CMakeFiles/CMakeTmp'
make  -f CMakeFiles/cmTC_c7eaf.dir/build.make CMakeFiles/cmTC_c7eaf.dir/build
make[2]: Entering directory '/home/pperrier/Documents/block_wiedemann/cado-nfs/build/stagiaire-perrier/CMakeFiles/CMakeTmp'
Building CXX object CMakeFiles/cmTC_c7eaf.dir/src.cxx.o
/usr/bin/c++   -export-dynamic -std=c++11 -Wno-c++11-compat -W -Wall -O2  -Wno-literal-suffix -DMP_LIMB_T_IS_EXACTLY_UNSIGNED_LONG_LONG -o CMakeFiles/cmTC_c7eaf.dir/src.cxx.o -c /home/pperrier/Documents/block_wiedemann/cado-nfs/build/stagiaire-perrier/CMakeFiles/CMakeTmp/src.cxx
/home/pperrier/Documents/block_wiedemann/cado-nfs/build/stagiaire-perrier/CMakeFiles/CMakeTmp/src.cxx: In function ‘int main()’:
/home/pperrier/Documents/block_wiedemann/cado-nfs/build/stagiaire-perrier/CMakeFiles/CMakeTmp/src.cxx:8:64: error: static assertion failed: not this type
    8 |     static_assert(std::is_same<mp_limb_t, unsigned long long>::value, "not this type");
      |                   ~~~~~~~~~~~~~~~~~~~~~~~~~~~~~~~~~~~~~~~~~~~~~^~~~~
make[2]: *** [CMakeFiles/cmTC_c7eaf.dir/build.make:78: CMakeFiles/cmTC_c7eaf.dir/src.cxx.o] Error 1
make[2]: Leaving directory '/home/pperrier/Documents/block_wiedemann/cado-nfs/build/stagiaire-perrier/CMakeFiles/CMakeTmp'
make[1]: *** [Makefile:127: cmTC_c7eaf/fast] Error 2
make[1]: Leaving directory '/home/pperrier/Documents/block_wiedemann/cado-nfs/build/stagiaire-perrier/CMakeFiles/CMakeTmp'


Source file was:

#include <type_traits>
#include <stdint.h>
#include <stdio.h>
#include <gmp.h>
int main()
{
    static_assert(std::is_same<mp_limb_t, unsigned long long>::value, "not this type");
    return 0;
}

Performing C++ SOURCE FILE Test UINT32_T_IS_EXACTLY_UNSIGNED_LONG failed with the following output:
Change Dir: '/home/pperrier/Documents/block_wiedemann/cado-nfs/build/stagiaire-perrier/CMakeFiles/CMakeTmp'

Run Build Command(s): /usr/bin/cmake -E env VERBOSE=1 make -f Makefile cmTC_f33fa/fast
make[1]: Entering directory '/home/pperrier/Documents/block_wiedemann/cado-nfs/build/stagiaire-perrier/CMakeFiles/CMakeTmp'
make  -f CMakeFiles/cmTC_f33fa.dir/build.make CMakeFiles/cmTC_f33fa.dir/build
make[2]: Entering directory '/home/pperrier/Documents/block_wiedemann/cado-nfs/build/stagiaire-perrier/CMakeFiles/CMakeTmp'
Building CXX object CMakeFiles/cmTC_f33fa.dir/src.cxx.o
/usr/bin/c++   -export-dynamic -std=c++11 -Wno-c++11-compat -W -Wall -O2  -Wno-literal-suffix -DUINT32_T_IS_EXACTLY_UNSIGNED_LONG -o CMakeFiles/cmTC_f33fa.dir/src.cxx.o -c /home/pperrier/Documents/block_wiedemann/cado-nfs/build/stagiaire-perrier/CMakeFiles/CMakeTmp/src.cxx
/home/pperrier/Documents/block_wiedemann/cado-nfs/build/stagiaire-perrier/CMakeFiles/CMakeTmp/src.cxx: In function ‘int main()’:
/home/pperrier/Documents/block_wiedemann/cado-nfs/build/stagiaire-perrier/CMakeFiles/CMakeTmp/src.cxx:8:58: error: static assertion failed: not this type
    8 |     static_assert(std::is_same<uint32_t, unsigned long>::value, "not this type");
      |                   ~~~~~~~~~~~~~~~~~~~~~~~~~~~~~~~~~~~~~~~^~~~~
make[2]: *** [CMakeFiles/cmTC_f33fa.dir/build.make:78: CMakeFiles/cmTC_f33fa.dir/src.cxx.o] Error 1
make[2]: Leaving directory '/home/pperrier/Documents/block_wiedemann/cado-nfs/build/stagiaire-perrier/CMakeFiles/CMakeTmp'
make[1]: *** [Makefile:127: cmTC_f33fa/fast] Error 2
make[1]: Leaving directory '/home/pperrier/Documents/block_wiedemann/cado-nfs/build/stagiaire-perrier/CMakeFiles/CMakeTmp'


Source file was:

#include <type_traits>
#include <stdint.h>
#include <stdio.h>
#include <gmp.h>
int main()
{
    static_assert(std::is_same<uint32_t, unsigned long>::value, "not this type");
    return 0;
}

Performing C++ SOURCE FILE Test UINT32_T_IS_COMPATIBLE_WITH_UNSIGNED_LONG failed with the following output:
Change Dir: '/home/pperrier/Documents/block_wiedemann/cado-nfs/build/stagiaire-perrier/CMakeFiles/CMakeTmp'

Run Build Command(s): /usr/bin/cmake -E env VERBOSE=1 make -f Makefile cmTC_fba0a/fast
make[1]: Entering directory '/home/pperrier/Documents/block_wiedemann/cado-nfs/build/stagiaire-perrier/CMakeFiles/CMakeTmp'
make  -f CMakeFiles/cmTC_fba0a.dir/build.make CMakeFiles/cmTC_fba0a.dir/build
make[2]: Entering directory '/home/pperrier/Documents/block_wiedemann/cado-nfs/build/stagiaire-perrier/CMakeFiles/CMakeTmp'
Building CXX object CMakeFiles/cmTC_fba0a.dir/src.cxx.o
/usr/bin/c++   -export-dynamic -std=c++11 -Wno-c++11-compat -W -Wall -O2  -Wno-literal-suffix -DUINT32_T_IS_COMPATIBLE_WITH_UNSIGNED_LONG -o CMakeFiles/cmTC_fba0a.dir/src.cxx.o -c /home/pperrier/Documents/block_wiedemann/cado-nfs/build/stagiaire-perrier/CMakeFiles/CMakeTmp/src.cxx
/home/pperrier/Documents/block_wiedemann/cado-nfs/build/stagiaire-perrier/CMakeFiles/CMakeTmp/src.cxx: In function ‘int main()’:
/home/pperrier/Documents/block_wiedemann/cado-nfs/build/stagiaire-perrier/CMakeFiles/CMakeTmp/src.cxx:8:64: error: static assertion failed: not this type
    8 |     static_assert(std::is_same<uint32_t, unsigned long>::value ||
      |                   ~~~~~~~~~~~~~~~~~~~~~~~~~~~~~~~~~~~~~~~~~~~~~^~
    9 |         (sizeof(uint32_t) == sizeof(unsigned long)
      |         ~~~~~~~~~~~~~~~~~~~~~~~~~~~~~~~~~~~~~~~~~~              
   10 |         && std::is_signed<uint32_t>::value == std::is_signed<unsigned long>::value)
      |         ~~~~~~~~~~~~~~~~~~~~~~~~~~~~~~~~~~~~~~~~~~~~~~~~~~~~~~~~~~~~~~~~~~~~~~~~~~~
make[2]: *** [CMakeFiles/cmTC_fba0a.dir/build.make:78: CMakeFiles/cmTC_fba0a.dir/src.cxx.o] Error 1
make[2]: Leaving directory '/home/pperrier/Documents/block_wiedemann/cado-nfs/build/stagiaire-perrier/CMakeFiles/CMakeTmp'
make[1]: *** [Makefile:127: cmTC_fba0a/fast] Error 2
make[1]: Leaving directory '/home/pperrier/Documents/block_wiedemann/cado-nfs/build/stagiaire-perrier/CMakeFiles/CMakeTmp'


Source file was:

#include <type_traits>
#include <stdint.h>
#include <stdio.h>
#include <gmp.h>
int main()
{
    static_assert(std::is_same<uint32_t, unsigned long>::value ||
        (sizeof(uint32_t) == sizeof(unsigned long)
        && std::is_signed<uint32_t>::value == std::is_signed<unsigned long>::value)
        , "not this type");
    return 0;
}

Performing C++ SOURCE FILE Test INT64_T_IS_EXACTLY_LONG_LONG failed with the following output:
Change Dir: '/home/pperrier/Documents/block_wiedemann/cado-nfs/build/stagiaire-perrier/CMakeFiles/CMakeTmp'

Run Build Command(s): /usr/bin/cmake -E env VERBOSE=1 make -f Makefile cmTC_2d54e/fast
make[1]: Entering directory '/home/pperrier/Documents/block_wiedemann/cado-nfs/build/stagiaire-perrier/CMakeFiles/CMakeTmp'
make  -f CMakeFiles/cmTC_2d54e.dir/build.make CMakeFiles/cmTC_2d54e.dir/build
make[2]: Entering directory '/home/pperrier/Documents/block_wiedemann/cado-nfs/build/stagiaire-perrier/CMakeFiles/CMakeTmp'
Building CXX object CMakeFiles/cmTC_2d54e.dir/src.cxx.o
/usr/bin/c++   -export-dynamic -std=c++11 -Wno-c++11-compat -W -Wall -O2  -Wno-literal-suffix -DINT64_T_IS_EXACTLY_LONG_LONG -o CMakeFiles/cmTC_2d54e.dir/src.cxx.o -c /home/pperrier/Documents/block_wiedemann/cado-nfs/build/stagiaire-perrier/CMakeFiles/CMakeTmp/src.cxx
/home/pperrier/Documents/block_wiedemann/cado-nfs/build/stagiaire-perrier/CMakeFiles/CMakeTmp/src.cxx: In function ‘int main()’:
/home/pperrier/Documents/block_wiedemann/cado-nfs/build/stagiaire-perrier/CMakeFiles/CMakeTmp/src.cxx:8:53: error: static assertion failed: not this type
    8 |     static_assert(std::is_same<int64_t, long long>::value, "not this type");
      |                   ~~~~~~~~~~~~~~~~~~~~~~~~~~~~~~~~~~^~~~~
make[2]: *** [CMakeFiles/cmTC_2d54e.dir/build.make:78: CMakeFiles/cmTC_2d54e.dir/src.cxx.o] Error 1
make[2]: Leaving directory '/home/pperrier/Documents/block_wiedemann/cado-nfs/build/stagiaire-perrier/CMakeFiles/CMakeTmp'
make[1]: *** [Makefile:127: cmTC_2d54e/fast] Error 2
make[1]: Leaving directory '/home/pperrier/Documents/block_wiedemann/cado-nfs/build/stagiaire-perrier/CMakeFiles/CMakeTmp'


Source file was:

#include <type_traits>
#include <stdint.h>
#include <stdio.h>
#include <gmp.h>
int main()
{
    static_assert(std::is_same<int64_t, long long>::value, "not this type");
    return 0;
}

Performing C++ SOURCE FILE Test LONG_LONG_IS_EXACTLY_LONG failed with the following output:
Change Dir: '/home/pperrier/Documents/block_wiedemann/cado-nfs/build/stagiaire-perrier/CMakeFiles/CMakeTmp'

Run Build Command(s): /usr/bin/cmake -E env VERBOSE=1 make -f Makefile cmTC_1439e/fast
make[1]: Entering directory '/home/pperrier/Documents/block_wiedemann/cado-nfs/build/stagiaire-perrier/CMakeFiles/CMakeTmp'
make  -f CMakeFiles/cmTC_1439e.dir/build.make CMakeFiles/cmTC_1439e.dir/build
make[2]: Entering directory '/home/pperrier/Documents/block_wiedemann/cado-nfs/build/stagiaire-perrier/CMakeFiles/CMakeTmp'
Building CXX object CMakeFiles/cmTC_1439e.dir/src.cxx.o
/usr/bin/c++   -export-dynamic -std=c++11 -Wno-c++11-compat -W -Wall -O2  -Wno-literal-suffix -DLONG_LONG_IS_EXACTLY_LONG -o CMakeFiles/cmTC_1439e.dir/src.cxx.o -c /home/pperrier/Documents/block_wiedemann/cado-nfs/build/stagiaire-perrier/CMakeFiles/CMakeTmp/src.cxx
/home/pperrier/Documents/block_wiedemann/cado-nfs/build/stagiaire-perrier/CMakeFiles/CMakeTmp/src.cxx: In function ‘int main()’:
/home/pperrier/Documents/block_wiedemann/cado-nfs/build/stagiaire-perrier/CMakeFiles/CMakeTmp/src.cxx:8:50: error: static assertion failed: not this type
    8 |     static_assert(std::is_same<long long, long>::value, "not this type");
      |                   ~~~~~~~~~~~~~~~~~~~~~~~~~~~~~~~^~~~~
make[2]: *** [CMakeFiles/cmTC_1439e.dir/build.make:78: CMakeFiles/cmTC_1439e.dir/src.cxx.o] Error 1
make[2]: Leaving directory '/home/pperrier/Documents/block_wiedemann/cado-nfs/build/stagiaire-perrier/CMakeFiles/CMakeTmp'
make[1]: *** [Makefile:127: cmTC_1439e/fast] Error 2
make[1]: Leaving directory '/home/pperrier/Documents/block_wiedemann/cado-nfs/build/stagiaire-perrier/CMakeFiles/CMakeTmp'


Source file was:

#include <type_traits>
#include <stdint.h>
#include <stdio.h>
#include <gmp.h>
int main()
{
    static_assert(std::is_same<long long, long>::value, "not this type");
    return 0;
}

Performing C++ SOURCE FILE Test LONG_IS_EXACTLY_INT failed with the following output:
Change Dir: '/home/pperrier/Documents/block_wiedemann/cado-nfs/build/stagiaire-perrier/CMakeFiles/CMakeTmp'

Run Build Command(s): /usr/bin/cmake -E env VERBOSE=1 make -f Makefile cmTC_8433c/fast
make[1]: Entering directory '/home/pperrier/Documents/block_wiedemann/cado-nfs/build/stagiaire-perrier/CMakeFiles/CMakeTmp'
make  -f CMakeFiles/cmTC_8433c.dir/build.make CMakeFiles/cmTC_8433c.dir/build
make[2]: Entering directory '/home/pperrier/Documents/block_wiedemann/cado-nfs/build/stagiaire-perrier/CMakeFiles/CMakeTmp'
Building CXX object CMakeFiles/cmTC_8433c.dir/src.cxx.o
/usr/bin/c++   -export-dynamic -std=c++11 -Wno-c++11-compat -W -Wall -O2  -Wno-literal-suffix -DLONG_IS_EXACTLY_INT -o CMakeFiles/cmTC_8433c.dir/src.cxx.o -c /home/pperrier/Documents/block_wiedemann/cado-nfs/build/stagiaire-perrier/CMakeFiles/CMakeTmp/src.cxx
/home/pperrier/Documents/block_wiedemann/cado-nfs/build/stagiaire-perrier/CMakeFiles/CMakeTmp/src.cxx: In function ‘int main()’:
/home/pperrier/Documents/block_wiedemann/cado-nfs/build/stagiaire-perrier/CMakeFiles/CMakeTmp/src.cxx:8:44: error: static assertion failed: not this type
    8 |     static_assert(std::is_same<long, int>::value, "not this type");
      |                   ~~~~~~~~~~~~~~~~~~~~~~~~~^~~~~
make[2]: *** [CMakeFiles/cmTC_8433c.dir/build.make:78: CMakeFiles/cmTC_8433c.dir/src.cxx.o] Error 1
make[2]: Leaving directory '/home/pperrier/Documents/block_wiedemann/cado-nfs/build/stagiaire-perrier/CMakeFiles/CMakeTmp'
make[1]: *** [Makefile:127: cmTC_8433c/fast] Error 2
make[1]: Leaving directory '/home/pperrier/Documents/block_wiedemann/cado-nfs/build/stagiaire-perrier/CMakeFiles/CMakeTmp'


Source file was:

#include <type_traits>
#include <stdint.h>
#include <stdio.h>
#include <gmp.h>
int main()
{
    static_assert(std::is_same<long, int>::value, "not this type");
    return 0;
}

Performing C++ SOURCE FILE Test LONG_IS_COMPATIBLE_WITH_INT failed with the following output:
Change Dir: '/home/pperrier/Documents/block_wiedemann/cado-nfs/build/stagiaire-perrier/CMakeFiles/CMakeTmp'

Run Build Command(s): /usr/bin/cmake -E env VERBOSE=1 make -f Makefile cmTC_8800d/fast
make[1]: Entering directory '/home/pperrier/Documents/block_wiedemann/cado-nfs/build/stagiaire-perrier/CMakeFiles/CMakeTmp'
make  -f CMakeFiles/cmTC_8800d.dir/build.make CMakeFiles/cmTC_8800d.dir/build
make[2]: Entering directory '/home/pperrier/Documents/block_wiedemann/cado-nfs/build/stagiaire-perrier/CMakeFiles/CMakeTmp'
Building CXX object CMakeFiles/cmTC_8800d.dir/src.cxx.o
/usr/bin/c++   -export-dynamic -std=c++11 -Wno-c++11-compat -W -Wall -O2  -Wno-literal-suffix -DLONG_IS_COMPATIBLE_WITH_INT -o CMakeFiles/cmTC_8800d.dir/src.cxx.o -c /home/pperrier/Documents/block_wiedemann/cado-nfs/build/stagiaire-perrier/CMakeFiles/CMakeTmp/src.cxx
/home/pperrier/Documents/block_wiedemann/cado-nfs/build/stagiaire-perrier/CMakeFiles/CMakeTmp/src.cxx: In function ‘int main()’:
/home/pperrier/Documents/block_wiedemann/cado-nfs/build/stagiaire-perrier/CMakeFiles/CMakeTmp/src.cxx:8:50: error: static assertion failed: not this type
    8 |     static_assert(std::is_same<long, int>::value ||
      |                   ~~~~~~~~~~~~~~~~~~~~~~~~~~~~~~~^~
    9 |         (sizeof(long) == sizeof(int)
      |         ~~~~~~~~~~~~~~~~~~~~~~~~~~~~              
   10 |         && std::is_signed<long>::value == std::is_signed<int>::value)
      |         ~~~~~~~~~~~~~~~~~~~~~~~~~~~~~~~~~~~~~~~~~~~~~~~~~~~~~~~~~~~~~
make[2]: *** [CMakeFiles/cmTC_8800d.dir/build.make:78: CMakeFiles/cmTC_8800d.dir/src.cxx.o] Error 1
make[2]: Leaving directory '/home/pperrier/Documents/block_wiedemann/cado-nfs/build/stagiaire-perrier/CMakeFiles/CMakeTmp'
make[1]: *** [Makefile:127: cmTC_8800d/fast] Error 2
make[1]: Leaving directory '/home/pperrier/Documents/block_wiedemann/cado-nfs/build/stagiaire-perrier/CMakeFiles/CMakeTmp'


Source file was:

#include <type_traits>
#include <stdint.h>
#include <stdio.h>
#include <gmp.h>
int main()
{
    static_assert(std::is_same<long, int>::value ||
        (sizeof(long) == sizeof(int)
        && std::is_signed<long>::value == std::is_signed<int>::value)
        , "not this type");
    return 0;
}

Performing C++ SOURCE FILE Test SSIZE_T_IS_EXACTLY_LONG_LONG failed with the following output:
Change Dir: '/home/pperrier/Documents/block_wiedemann/cado-nfs/build/stagiaire-perrier/CMakeFiles/CMakeTmp'

Run Build Command(s): /usr/bin/cmake -E env VERBOSE=1 make -f Makefile cmTC_3249b/fast
make[1]: Entering directory '/home/pperrier/Documents/block_wiedemann/cado-nfs/build/stagiaire-perrier/CMakeFiles/CMakeTmp'
make  -f CMakeFiles/cmTC_3249b.dir/build.make CMakeFiles/cmTC_3249b.dir/build
make[2]: Entering directory '/home/pperrier/Documents/block_wiedemann/cado-nfs/build/stagiaire-perrier/CMakeFiles/CMakeTmp'
Building CXX object CMakeFiles/cmTC_3249b.dir/src.cxx.o
/usr/bin/c++   -export-dynamic -std=c++11 -Wno-c++11-compat -W -Wall -O2  -Wno-literal-suffix -DSSIZE_T_IS_EXACTLY_LONG_LONG -o CMakeFiles/cmTC_3249b.dir/src.cxx.o -c /home/pperrier/Documents/block_wiedemann/cado-nfs/build/stagiaire-perrier/CMakeFiles/CMakeTmp/src.cxx
/home/pperrier/Documents/block_wiedemann/cado-nfs/build/stagiaire-perrier/CMakeFiles/CMakeTmp/src.cxx: In function ‘int main()’:
/home/pperrier/Documents/block_wiedemann/cado-nfs/build/stagiaire-perrier/CMakeFiles/CMakeTmp/src.cxx:8:53: error: static assertion failed: not this type
    8 |     static_assert(std::is_same<ssize_t, long long>::value, "not this type");
      |                   ~~~~~~~~~~~~~~~~~~~~~~~~~~~~~~~~~~^~~~~
make[2]: *** [CMakeFiles/cmTC_3249b.dir/build.make:78: CMakeFiles/cmTC_3249b.dir/src.cxx.o] Error 1
make[2]: Leaving directory '/home/pperrier/Documents/block_wiedemann/cado-nfs/build/stagiaire-perrier/CMakeFiles/CMakeTmp'
make[1]: *** [Makefile:127: cmTC_3249b/fast] Error 2
make[1]: Leaving directory '/home/pperrier/Documents/block_wiedemann/cado-nfs/build/stagiaire-perrier/CMakeFiles/CMakeTmp'


Source file was:

#include <type_traits>
#include <stdint.h>
#include <stdio.h>
#include <gmp.h>
int main()
{
    static_assert(std::is_same<ssize_t, long long>::value, "not this type");
    return 0;
}

Performing C++ SOURCE FILE Test INT32_T_IS_EXACTLY_LONG failed with the following output:
Change Dir: '/home/pperrier/Documents/block_wiedemann/cado-nfs/build/stagiaire-perrier/CMakeFiles/CMakeTmp'

Run Build Command(s): /usr/bin/cmake -E env VERBOSE=1 make -f Makefile cmTC_39793/fast
make[1]: Entering directory '/home/pperrier/Documents/block_wiedemann/cado-nfs/build/stagiaire-perrier/CMakeFiles/CMakeTmp'
make  -f CMakeFiles/cmTC_39793.dir/build.make CMakeFiles/cmTC_39793.dir/build
make[2]: Entering directory '/home/pperrier/Documents/block_wiedemann/cado-nfs/build/stagiaire-perrier/CMakeFiles/CMakeTmp'
Building CXX object CMakeFiles/cmTC_39793.dir/src.cxx.o
/usr/bin/c++   -export-dynamic -std=c++11 -Wno-c++11-compat -W -Wall -O2  -Wno-literal-suffix -DINT32_T_IS_EXACTLY_LONG -o CMakeFiles/cmTC_39793.dir/src.cxx.o -c /home/pperrier/Documents/block_wiedemann/cado-nfs/build/stagiaire-perrier/CMakeFiles/CMakeTmp/src.cxx
/home/pperrier/Documents/block_wiedemann/cado-nfs/build/stagiaire-perrier/CMakeFiles/CMakeTmp/src.cxx: In function ‘int main()’:
/home/pperrier/Documents/block_wiedemann/cado-nfs/build/stagiaire-perrier/CMakeFiles/CMakeTmp/src.cxx:8:48: error: static assertion failed: not this type
    8 |     static_assert(std::is_same<int32_t, long>::value, "not this type");
      |                   ~~~~~~~~~~~~~~~~~~~~~~~~~~~~~^~~~~
make[2]: *** [CMakeFiles/cmTC_39793.dir/build.make:78: CMakeFiles/cmTC_39793.dir/src.cxx.o] Error 1
make[2]: Leaving directory '/home/pperrier/Documents/block_wiedemann/cado-nfs/build/stagiaire-perrier/CMakeFiles/CMakeTmp'
make[1]: *** [Makefile:127: cmTC_39793/fast] Error 2
make[1]: Leaving directory '/home/pperrier/Documents/block_wiedemann/cado-nfs/build/stagiaire-perrier/CMakeFiles/CMakeTmp'


Source file was:

#include <type_traits>
#include <stdint.h>
#include <stdio.h>
#include <gmp.h>
int main()
{
    static_assert(std::is_same<int32_t, long>::value, "not this type");
    return 0;
}

Performing C++ SOURCE FILE Test INT32_T_IS_COMPATIBLE_WITH_LONG failed with the following output:
Change Dir: '/home/pperrier/Documents/block_wiedemann/cado-nfs/build/stagiaire-perrier/CMakeFiles/CMakeTmp'

Run Build Command(s): /usr/bin/cmake -E env VERBOSE=1 make -f Makefile cmTC_0b525/fast
make[1]: Entering directory '/home/pperrier/Documents/block_wiedemann/cado-nfs/build/stagiaire-perrier/CMakeFiles/CMakeTmp'
make  -f CMakeFiles/cmTC_0b525.dir/build.make CMakeFiles/cmTC_0b525.dir/build
make[2]: Entering directory '/home/pperrier/Documents/block_wiedemann/cado-nfs/build/stagiaire-perrier/CMakeFiles/CMakeTmp'
Building CXX object CMakeFiles/cmTC_0b525.dir/src.cxx.o
/usr/bin/c++   -export-dynamic -std=c++11 -Wno-c++11-compat -W -Wall -O2  -Wno-literal-suffix -DINT32_T_IS_COMPATIBLE_WITH_LONG -o CMakeFiles/cmTC_0b525.dir/src.cxx.o -c /home/pperrier/Documents/block_wiedemann/cado-nfs/build/stagiaire-perrier/CMakeFiles/CMakeTmp/src.cxx
/home/pperrier/Documents/block_wiedemann/cado-nfs/build/stagiaire-perrier/CMakeFiles/CMakeTmp/src.cxx: In function ‘int main()’:
/home/pperrier/Documents/block_wiedemann/cado-nfs/build/stagiaire-perrier/CMakeFiles/CMakeTmp/src.cxx:8:54: error: static assertion failed: not this type
    8 |     static_assert(std::is_same<int32_t, long>::value ||
      |                   ~~~~~~~~~~~~~~~~~~~~~~~~~~~~~~~~~~~^~
    9 |         (sizeof(int32_t) == sizeof(long)
      |         ~~~~~~~~~~~~~~~~~~~~~~~~~~~~~~~~              
   10 |         && std::is_signed<int32_t>::value == std::is_signed<long>::value)
      |         ~~~~~~~~~~~~~~~~~~~~~~~~~~~~~~~~~~~~~~~~~~~~~~~~~~~~~~~~~~~~~~~~~
make[2]: *** [CMakeFiles/cmTC_0b525.dir/build.make:78: CMakeFiles/cmTC_0b525.dir/src.cxx.o] Error 1
make[2]: Leaving directory '/home/pperrier/Documents/block_wiedemann/cado-nfs/build/stagiaire-perrier/CMakeFiles/CMakeTmp'
make[1]: *** [Makefile:127: cmTC_0b525/fast] Error 2
make[1]: Leaving directory '/home/pperrier/Documents/block_wiedemann/cado-nfs/build/stagiaire-perrier/CMakeFiles/CMakeTmp'


Source file was:

#include <type_traits>
#include <stdint.h>
#include <stdio.h>
#include <gmp.h>
int main()
{
    static_assert(std::is_same<int32_t, long>::value ||
        (sizeof(int32_t) == sizeof(long)
        && std::is_signed<int32_t>::value == std::is_signed<long>::value)
        , "not this type");
    return 0;
}

Performing C++ SOURCE FILE Test MP_SIZE_T_IS_EXACTLY_LONG_LONG failed with the following output:
Change Dir: '/home/pperrier/Documents/block_wiedemann/cado-nfs/build/stagiaire-perrier/CMakeFiles/CMakeTmp'

Run Build Command(s): /usr/bin/cmake -E env VERBOSE=1 make -f Makefile cmTC_6ee3a/fast
make[1]: Entering directory '/home/pperrier/Documents/block_wiedemann/cado-nfs/build/stagiaire-perrier/CMakeFiles/CMakeTmp'
make  -f CMakeFiles/cmTC_6ee3a.dir/build.make CMakeFiles/cmTC_6ee3a.dir/build
make[2]: Entering directory '/home/pperrier/Documents/block_wiedemann/cado-nfs/build/stagiaire-perrier/CMakeFiles/CMakeTmp'
Building CXX object CMakeFiles/cmTC_6ee3a.dir/src.cxx.o
/usr/bin/c++   -export-dynamic -std=c++11 -Wno-c++11-compat -W -Wall -O2  -Wno-literal-suffix -DMP_SIZE_T_IS_EXACTLY_LONG_LONG -o CMakeFiles/cmTC_6ee3a.dir/src.cxx.o -c /home/pperrier/Documents/block_wiedemann/cado-nfs/build/stagiaire-perrier/CMakeFiles/CMakeTmp/src.cxx
/home/pperrier/Documents/block_wiedemann/cado-nfs/build/stagiaire-perrier/CMakeFiles/CMakeTmp/src.cxx: In function ‘int main()’:
/home/pperrier/Documents/block_wiedemann/cado-nfs/build/stagiaire-perrier/CMakeFiles/CMakeTmp/src.cxx:8:55: error: static assertion failed: not this type
    8 |     static_assert(std::is_same<mp_size_t, long long>::value, "not this type");
      |                   ~~~~~~~~~~~~~~~~~~~~~~~~~~~~~~~~~~~~^~~~~
make[2]: *** [CMakeFiles/cmTC_6ee3a.dir/build.make:78: CMakeFiles/cmTC_6ee3a.dir/src.cxx.o] Error 1
make[2]: Leaving directory '/home/pperrier/Documents/block_wiedemann/cado-nfs/build/stagiaire-perrier/CMakeFiles/CMakeTmp'
make[1]: *** [Makefile:127: cmTC_6ee3a/fast] Error 2
make[1]: Leaving directory '/home/pperrier/Documents/block_wiedemann/cado-nfs/build/stagiaire-perrier/CMakeFiles/CMakeTmp'


Source file was:

#include <type_traits>
#include <stdint.h>
#include <stdio.h>
#include <gmp.h>
int main()
{
    static_assert(std::is_same<mp_size_t, long long>::value, "not this type");
    return 0;
}

Performing C++ SOURCE FILE Test MP_SIZE_T_IS_EXACTLY_INT failed with the following output:
Change Dir: '/home/pperrier/Documents/block_wiedemann/cado-nfs/build/stagiaire-perrier/CMakeFiles/CMakeTmp'

Run Build Command(s): /usr/bin/cmake -E env VERBOSE=1 make -f Makefile cmTC_491ac/fast
make[1]: Entering directory '/home/pperrier/Documents/block_wiedemann/cado-nfs/build/stagiaire-perrier/CMakeFiles/CMakeTmp'
make  -f CMakeFiles/cmTC_491ac.dir/build.make CMakeFiles/cmTC_491ac.dir/build
make[2]: Entering directory '/home/pperrier/Documents/block_wiedemann/cado-nfs/build/stagiaire-perrier/CMakeFiles/CMakeTmp'
Building CXX object CMakeFiles/cmTC_491ac.dir/src.cxx.o
/usr/bin/c++   -export-dynamic -std=c++11 -Wno-c++11-compat -W -Wall -O2  -Wno-literal-suffix -DMP_SIZE_T_IS_EXACTLY_INT -o CMakeFiles/cmTC_491ac.dir/src.cxx.o -c /home/pperrier/Documents/block_wiedemann/cado-nfs/build/stagiaire-perrier/CMakeFiles/CMakeTmp/src.cxx
/home/pperrier/Documents/block_wiedemann/cado-nfs/build/stagiaire-perrier/CMakeFiles/CMakeTmp/src.cxx: In function ‘int main()’:
/home/pperrier/Documents/block_wiedemann/cado-nfs/build/stagiaire-perrier/CMakeFiles/CMakeTmp/src.cxx:8:49: error: static assertion failed: not this type
    8 |     static_assert(std::is_same<mp_size_t, int>::value, "not this type");
      |                   ~~~~~~~~~~~~~~~~~~~~~~~~~~~~~~^~~~~
make[2]: *** [CMakeFiles/cmTC_491ac.dir/build.make:78: CMakeFiles/cmTC_491ac.dir/src.cxx.o] Error 1
make[2]: Leaving directory '/home/pperrier/Documents/block_wiedemann/cado-nfs/build/stagiaire-perrier/CMakeFiles/CMakeTmp'
make[1]: *** [Makefile:127: cmTC_491ac/fast] Error 2
make[1]: Leaving directory '/home/pperrier/Documents/block_wiedemann/cado-nfs/build/stagiaire-perrier/CMakeFiles/CMakeTmp'


Source file was:

#include <type_traits>
#include <stdint.h>
#include <stdio.h>
#include <gmp.h>
int main()
{
    static_assert(std::is_same<mp_size_t, int>::value, "not this type");
    return 0;
}

Performing C++ SOURCE FILE Test MP_SIZE_T_IS_COMPATIBLE_WITH_INT failed with the following output:
Change Dir: '/home/pperrier/Documents/block_wiedemann/cado-nfs/build/stagiaire-perrier/CMakeFiles/CMakeTmp'

Run Build Command(s): /usr/bin/cmake -E env VERBOSE=1 make -f Makefile cmTC_6dc6b/fast
make[1]: Entering directory '/home/pperrier/Documents/block_wiedemann/cado-nfs/build/stagiaire-perrier/CMakeFiles/CMakeTmp'
make  -f CMakeFiles/cmTC_6dc6b.dir/build.make CMakeFiles/cmTC_6dc6b.dir/build
make[2]: Entering directory '/home/pperrier/Documents/block_wiedemann/cado-nfs/build/stagiaire-perrier/CMakeFiles/CMakeTmp'
Building CXX object CMakeFiles/cmTC_6dc6b.dir/src.cxx.o
/usr/bin/c++   -export-dynamic -std=c++11 -Wno-c++11-compat -W -Wall -O2  -Wno-literal-suffix -DMP_SIZE_T_IS_COMPATIBLE_WITH_INT -o CMakeFiles/cmTC_6dc6b.dir/src.cxx.o -c /home/pperrier/Documents/block_wiedemann/cado-nfs/build/stagiaire-perrier/CMakeFiles/CMakeTmp/src.cxx
/home/pperrier/Documents/block_wiedemann/cado-nfs/build/stagiaire-perrier/CMakeFiles/CMakeTmp/src.cxx: In function ‘int main()’:
/home/pperrier/Documents/block_wiedemann/cado-nfs/build/stagiaire-perrier/CMakeFiles/CMakeTmp/src.cxx:8:55: error: static assertion failed: not this type
    8 |     static_assert(std::is_same<mp_size_t, int>::value ||
      |                   ~~~~~~~~~~~~~~~~~~~~~~~~~~~~~~~~~~~~^~
    9 |         (sizeof(mp_size_t) == sizeof(int)
      |         ~~~~~~~~~~~~~~~~~~~~~~~~~~~~~~~~~              
   10 |         && std::is_signed<mp_size_t>::value == std::is_signed<int>::value)
      |         ~~~~~~~~~~~~~~~~~~~~~~~~~~~~~~~~~~~~~~~~~~~~~~~~~~~~~~~~~~~~~~~~~~
make[2]: *** [CMakeFiles/cmTC_6dc6b.dir/build.make:78: CMakeFiles/cmTC_6dc6b.dir/src.cxx.o] Error 1
make[2]: Leaving directory '/home/pperrier/Documents/block_wiedemann/cado-nfs/build/stagiaire-perrier/CMakeFiles/CMakeTmp'
make[1]: *** [Makefile:127: cmTC_6dc6b/fast] Error 2
make[1]: Leaving directory '/home/pperrier/Documents/block_wiedemann/cado-nfs/build/stagiaire-perrier/CMakeFiles/CMakeTmp'


Source file was:

#include <type_traits>
#include <stdint.h>
#include <stdio.h>
#include <gmp.h>
int main()
{
    static_assert(std::is_same<mp_size_t, int>::value ||
        (sizeof(mp_size_t) == sizeof(int)
        && std::is_signed<mp_size_t>::value == std::is_signed<int>::value)
        , "not this type");
    return 0;
}

Performing C++ SOURCE FILE Test MPZ_INTERNAL_SIZE_T_IS_EXACTLY_LONG_LONG failed with the following output:
Change Dir: '/home/pperrier/Documents/block_wiedemann/cado-nfs/build/stagiaire-perrier/CMakeFiles/CMakeTmp'

Run Build Command(s): /usr/bin/cmake -E env VERBOSE=1 make -f Makefile cmTC_d5ff2/fast
make[1]: Entering directory '/home/pperrier/Documents/block_wiedemann/cado-nfs/build/stagiaire-perrier/CMakeFiles/CMakeTmp'
make  -f CMakeFiles/cmTC_d5ff2.dir/build.make CMakeFiles/cmTC_d5ff2.dir/build
make[2]: Entering directory '/home/pperrier/Documents/block_wiedemann/cado-nfs/build/stagiaire-perrier/CMakeFiles/CMakeTmp'
Building CXX object CMakeFiles/cmTC_d5ff2.dir/src.cxx.o
/usr/bin/c++   -export-dynamic -std=c++11 -Wno-c++11-compat -W -Wall -O2  -Wno-literal-suffix -DMPZ_INTERNAL_SIZE_T_IS_EXACTLY_LONG_LONG -o CMakeFiles/cmTC_d5ff2.dir/src.cxx.o -c /home/pperrier/Documents/block_wiedemann/cado-nfs/build/stagiaire-perrier/CMakeFiles/CMakeTmp/src.cxx
/home/pperrier/Documents/block_wiedemann/cado-nfs/build/stagiaire-perrier/CMakeFiles/CMakeTmp/src.cxx: In function ‘int main()’:
/home/pperrier/Documents/block_wiedemann/cado-nfs/build/stagiaire-perrier/CMakeFiles/CMakeTmp/src.cxx:8:78: error: static assertion failed: not this type
    8 |     static_assert(std::is_same<decltype(__mpz_struct::_mp_size), long long>::value, "not this type");
      |                   ~~~~~~~~~~~~~~~~~~~~~~~~~~~~~~~~~~~~~~~~~~~~~~~~~~~~~~~~~~~^~~~~
make[2]: *** [CMakeFiles/cmTC_d5ff2.dir/build.make:78: CMakeFiles/cmTC_d5ff2.dir/src.cxx.o] Error 1
make[2]: Leaving directory '/home/pperrier/Documents/block_wiedemann/cado-nfs/build/stagiaire-perrier/CMakeFiles/CMakeTmp'
make[1]: *** [Makefile:127: cmTC_d5ff2/fast] Error 2
make[1]: Leaving directory '/home/pperrier/Documents/block_wiedemann/cado-nfs/build/stagiaire-perrier/CMakeFiles/CMakeTmp'


Source file was:

#include <type_traits>
#include <stdint.h>
#include <stdio.h>
#include <gmp.h>
int main()
{
    static_assert(std::is_same<decltype(__mpz_struct::_mp_size), long long>::value, "not this type");
    return 0;
}

Performing C++ SOURCE FILE Test MPZ_INTERNAL_SIZE_T_IS_COMPATIBLE_WITH_LONG_LONG failed with the following output:
Change Dir: '/home/pperrier/Documents/block_wiedemann/cado-nfs/build/stagiaire-perrier/CMakeFiles/CMakeTmp'

Run Build Command(s): /usr/bin/cmake -E env VERBOSE=1 make -f Makefile cmTC_4b0c3/fast
make[1]: Entering directory '/home/pperrier/Documents/block_wiedemann/cado-nfs/build/stagiaire-perrier/CMakeFiles/CMakeTmp'
make  -f CMakeFiles/cmTC_4b0c3.dir/build.make CMakeFiles/cmTC_4b0c3.dir/build
make[2]: Entering directory '/home/pperrier/Documents/block_wiedemann/cado-nfs/build/stagiaire-perrier/CMakeFiles/CMakeTmp'
Building CXX object CMakeFiles/cmTC_4b0c3.dir/src.cxx.o
/usr/bin/c++   -export-dynamic -std=c++11 -Wno-c++11-compat -W -Wall -O2  -Wno-literal-suffix -DMPZ_INTERNAL_SIZE_T_IS_COMPATIBLE_WITH_LONG_LONG -o CMakeFiles/cmTC_4b0c3.dir/src.cxx.o -c /home/pperrier/Documents/block_wiedemann/cado-nfs/build/stagiaire-perrier/CMakeFiles/CMakeTmp/src.cxx
/home/pperrier/Documents/block_wiedemann/cado-nfs/build/stagiaire-perrier/CMakeFiles/CMakeTmp/src.cxx: In function ‘int main()’:
/home/pperrier/Documents/block_wiedemann/cado-nfs/build/stagiaire-perrier/CMakeFiles/CMakeTmp/src.cxx:8:84: error: static assertion failed: not this type
    8 |     static_assert(std::is_same<decltype(__mpz_struct::_mp_size), long long>::value ||
      |                   ~~~~~~~~~~~~~~~~~~~~~~~~~~~~~~~~~~~~~~~~~~~~~~~~~~~~~~~~~~~~~~~~~^~
    9 |         (sizeof(decltype(__mpz_struct::_mp_size)) == sizeof(long long)
      |         ~~~~~~~~~~~~~~~~~~~~~~~~~~~~~~~~~~~~~~~~~~~~~~~~~~~~~~~~~~~~~~              
   10 |         && std::is_signed<decltype(__mpz_struct::_mp_size)>::value == std::is_signed<long long>::value)
      |         ~~~~~~~~~~~~~~~~~~~~~~~~~~~~~~~~~~~~~~~~~~~~~~~~~~~~~~~~~~~~~~~~~~~~~~~~~~~~~~~~~~~~~~~~~~~~~~~
make[2]: *** [CMakeFiles/cmTC_4b0c3.dir/build.make:78: CMakeFiles/cmTC_4b0c3.dir/src.cxx.o] Error 1
make[2]: Leaving directory '/home/pperrier/Documents/block_wiedemann/cado-nfs/build/stagiaire-perrier/CMakeFiles/CMakeTmp'
make[1]: *** [Makefile:127: cmTC_4b0c3/fast] Error 2
make[1]: Leaving directory '/home/pperrier/Documents/block_wiedemann/cado-nfs/build/stagiaire-perrier/CMakeFiles/CMakeTmp'


Source file was:

#include <type_traits>
#include <stdint.h>
#include <stdio.h>
#include <gmp.h>
int main()
{
    static_assert(std::is_same<decltype(__mpz_struct::_mp_size), long long>::value ||
        (sizeof(decltype(__mpz_struct::_mp_size)) == sizeof(long long)
        && std::is_signed<decltype(__mpz_struct::_mp_size)>::value == std::is_signed<long long>::value)
        , "not this type");
    return 0;
}

Performing C++ SOURCE FILE Test MPZ_INTERNAL_SIZE_T_IS_EXACTLY_LONG failed with the following output:
Change Dir: '/home/pperrier/Documents/block_wiedemann/cado-nfs/build/stagiaire-perrier/CMakeFiles/CMakeTmp'

Run Build Command(s): /usr/bin/cmake -E env VERBOSE=1 make -f Makefile cmTC_ca4a8/fast
make[1]: Entering directory '/home/pperrier/Documents/block_wiedemann/cado-nfs/build/stagiaire-perrier/CMakeFiles/CMakeTmp'
make  -f CMakeFiles/cmTC_ca4a8.dir/build.make CMakeFiles/cmTC_ca4a8.dir/build
make[2]: Entering directory '/home/pperrier/Documents/block_wiedemann/cado-nfs/build/stagiaire-perrier/CMakeFiles/CMakeTmp'
Building CXX object CMakeFiles/cmTC_ca4a8.dir/src.cxx.o
/usr/bin/c++   -export-dynamic -std=c++11 -Wno-c++11-compat -W -Wall -O2  -Wno-literal-suffix -DMPZ_INTERNAL_SIZE_T_IS_EXACTLY_LONG -o CMakeFiles/cmTC_ca4a8.dir/src.cxx.o -c /home/pperrier/Documents/block_wiedemann/cado-nfs/build/stagiaire-perrier/CMakeFiles/CMakeTmp/src.cxx
/home/pperrier/Documents/block_wiedemann/cado-nfs/build/stagiaire-perrier/CMakeFiles/CMakeTmp/src.cxx: In function ‘int main()’:
/home/pperrier/Documents/block_wiedemann/cado-nfs/build/stagiaire-perrier/CMakeFiles/CMakeTmp/src.cxx:8:73: error: static assertion failed: not this type
    8 |     static_assert(std::is_same<decltype(__mpz_struct::_mp_size), long>::value, "not this type");
      |                   ~~~~~~~~~~~~~~~~~~~~~~~~~~~~~~~~~~~~~~~~~~~~~~~~~~~~~~^~~~~
make[2]: *** [CMakeFiles/cmTC_ca4a8.dir/build.make:78: CMakeFiles/cmTC_ca4a8.dir/src.cxx.o] Error 1
make[2]: Leaving directory '/home/pperrier/Documents/block_wiedemann/cado-nfs/build/stagiaire-perrier/CMakeFiles/CMakeTmp'
make[1]: *** [Makefile:127: cmTC_ca4a8/fast] Error 2
make[1]: Leaving directory '/home/pperrier/Documents/block_wiedemann/cado-nfs/build/stagiaire-perrier/CMakeFiles/CMakeTmp'


Source file was:

#include <type_traits>
#include <stdint.h>
#include <stdio.h>
#include <gmp.h>
int main()
{
    static_assert(std::is_same<decltype(__mpz_struct::_mp_size), long>::value, "not this type");
    return 0;
}

Performing C++ SOURCE FILE Test MPZ_INTERNAL_SIZE_T_IS_COMPATIBLE_WITH_LONG failed with the following output:
Change Dir: '/home/pperrier/Documents/block_wiedemann/cado-nfs/build/stagiaire-perrier/CMakeFiles/CMakeTmp'

Run Build Command(s): /usr/bin/cmake -E env VERBOSE=1 make -f Makefile cmTC_457af/fast
make[1]: Entering directory '/home/pperrier/Documents/block_wiedemann/cado-nfs/build/stagiaire-perrier/CMakeFiles/CMakeTmp'
make  -f CMakeFiles/cmTC_457af.dir/build.make CMakeFiles/cmTC_457af.dir/build
make[2]: Entering directory '/home/pperrier/Documents/block_wiedemann/cado-nfs/build/stagiaire-perrier/CMakeFiles/CMakeTmp'
Building CXX object CMakeFiles/cmTC_457af.dir/src.cxx.o
/usr/bin/c++   -export-dynamic -std=c++11 -Wno-c++11-compat -W -Wall -O2  -Wno-literal-suffix -DMPZ_INTERNAL_SIZE_T_IS_COMPATIBLE_WITH_LONG -o CMakeFiles/cmTC_457af.dir/src.cxx.o -c /home/pperrier/Documents/block_wiedemann/cado-nfs/build/stagiaire-perrier/CMakeFiles/CMakeTmp/src.cxx
/home/pperrier/Documents/block_wiedemann/cado-nfs/build/stagiaire-perrier/CMakeFiles/CMakeTmp/src.cxx: In function ‘int main()’:
/home/pperrier/Documents/block_wiedemann/cado-nfs/build/stagiaire-perrier/CMakeFiles/CMakeTmp/src.cxx:8:79: error: static assertion failed: not this type
    8 |     static_assert(std::is_same<decltype(__mpz_struct::_mp_size), long>::value ||
      |                   ~~~~~~~~~~~~~~~~~~~~~~~~~~~~~~~~~~~~~~~~~~~~~~~~~~~~~~~~~~~~^~
    9 |         (sizeof(decltype(__mpz_struct::_mp_size)) == sizeof(long)
      |         ~~~~~~~~~~~~~~~~~~~~~~~~~~~~~~~~~~~~~~~~~~~~~~~~~~~~~~~~~              
   10 |         && std::is_signed<decltype(__mpz_struct::_mp_size)>::value == std::is_signed<long>::value)
      |         ~~~~~~~~~~~~~~~~~~~~~~~~~~~~~~~~~~~~~~~~~~~~~~~~~~~~~~~~~~~~~~~~~~~~~~~~~~~~~~~~~~~~~~~~~~
make[2]: *** [CMakeFiles/cmTC_457af.dir/build.make:78: CMakeFiles/cmTC_457af.dir/src.cxx.o] Error 1
make[2]: Leaving directory '/home/pperrier/Documents/block_wiedemann/cado-nfs/build/stagiaire-perrier/CMakeFiles/CMakeTmp'
make[1]: *** [Makefile:127: cmTC_457af/fast] Error 2
make[1]: Leaving directory '/home/pperrier/Documents/block_wiedemann/cado-nfs/build/stagiaire-perrier/CMakeFiles/CMakeTmp'


Source file was:

#include <type_traits>
#include <stdint.h>
#include <stdio.h>
#include <gmp.h>
int main()
{
    static_assert(std::is_same<decltype(__mpz_struct::_mp_size), long>::value ||
        (sizeof(decltype(__mpz_struct::_mp_size)) == sizeof(long)
        && std::is_signed<decltype(__mpz_struct::_mp_size)>::value == std::is_signed<long>::value)
        , "not this type");
    return 0;
}

